<?xml version="1.0" encoding="UTF-8"?>
<!-- Generated by org.testng.reporters.JUnitReportReporter -->
<testsuite hostname="SAIKUMAR" failures="0" tests="2" name="com.qa.testscript.TC01_PDFTextReaderandValidator" time="9.595" errors="0" timestamp="2023-10-11T18:26:39 IST" skipped="0">
  <testcase classname="com.qa.testscript.TC01_PDFTextReaderandValidator" name="PDFContentComparsion" time="9.594"/>
  <testcase classname="com.qa.testscript.TC01_PDFTextReaderandValidator" name="demo" time="0.001"/>
</testsuite> <!-- com.qa.testscript.TC01_PDFTextReaderandValidator -->
