<?xml version="1.0" encoding="UTF-8"?>
<!-- Generated by org.testng.reporters.JUnitReportReporter -->
<testsuite hostname="SAIKUMAR" failures="0" tests="1" name="com.qa.testscript.PdfValidation" time="0.942" errors="0" timestamp="2023-10-11T17:01:28 IST" skipped="0">
  <testcase classname="com.qa.testscript.PdfValidation" name="readPdfContent" time="0.942"/>
</testsuite> <!-- com.qa.testscript.PdfValidation -->
