<?xml version="1.0" encoding="UTF-8"?>
<!-- Generated by org.testng.reporters.JUnitReportReporter -->
<testsuite hostname="SAIKUMAR" failures="0" tests="2" name="com.qa.testscript.TC04_PDFPagesCount" time="0.015" errors="0" timestamp="2023-10-11T18:26:39 IST" skipped="0">
  <testcase classname="com.qa.testscript.TC04_PDFPagesCount" name="demo" time="0.001"/>
  <testcase classname="com.qa.testscript.TC04_PDFPagesCount" name="PDFFilePagesCount" time="0.014"/>
</testsuite> <!-- com.qa.testscript.TC04_PDFPagesCount -->
