<?xml version="1.0" encoding="UTF-8"?>
<!-- Generated by org.testng.reporters.JUnitReportReporter -->
<testsuite hostname="SAIKUMAR" failures="0" tests="1" name="com.qa.testscript.TestBase2" time="0.006" errors="0" timestamp="2023-10-11T18:26:39 IST" skipped="0">
  <testcase classname="com.qa.testscript.TestBase2" name="demo" time="0.006"/>
</testsuite> <!-- com.qa.testscript.TestBase2 -->
