<?xml version="1.0" encoding="UTF-8"?>
<!-- Generated by org.testng.reporters.JUnitReportReporter -->
<testsuite hostname="SAIKUMAR" failures="0" tests="3" name="com.qa.testscript.PdfValidation2" time="6.528" errors="0" timestamp="2023-10-11T16:02:32 IST" skipped="0">
  <testcase classname="com.qa.testscript.PdfValidation2" name="PDFLoader" time="1.203"/>
  <testcase classname="com.qa.testscript.PdfValidation2" name="setup" time="4.790"/>
  <testcase classname="com.qa.testscript.PdfValidation2" name="readPdfContent" time="0.535"/>
</testsuite> <!-- com.qa.testscript.PdfValidation2 -->
