<?xml version="1.0" encoding="UTF-8"?>
<!-- Generated by org.testng.reporters.JUnitReportReporter -->
<testsuite hostname="SAIKUMAR" failures="0" tests="3" name="com.qa.testscript.PdfValidation" time="4.559" errors="0" timestamp="2023-10-11T12:47:45 IST" skipped="0">
  <testcase classname="com.qa.testscript.PdfValidation" name="PDFLoader" time="0.488"/>
  <testcase classname="com.qa.testscript.PdfValidation" name="setup" time="3.702"/>
  <testcase classname="com.qa.testscript.PdfValidation" name="readPdfContent" time="0.369"/>
</testsuite> <!-- com.qa.testscript.PdfValidation -->
